<?xml version="1.0" encoding="UTF-8"?>
<robot generator="Robot 5.0.1 (Python 3.10.5 on win32)" generated="20221010 10:14:07.535" rpa="false" schemaversion="3">
<suite id="s1" name="Exercicio1" source="C:\Users\roberto\Desktop\Documentos\RobotFramework\Projeto\exercicio1.robot">
<test id="s1-t1" name="Caso de teste do exemplo 01" line="11">
<kw name="Uma keyword qualquer 01">
<kw name="Log To Console" library="BuiltIn">
<arg>Nome: ${DADOS_PESSOAL.Nome}</arg>
<doc>Logs the given message to the console.</doc>
<status status="PASS" starttime="20221010 10:14:07.566" endtime="20221010 10:14:07.567"/>
</kw>
<kw name="Log To Console" library="BuiltIn">
<arg>Idade: ${DADOS_PESSOAL.Idade}</arg>
<doc>Logs the given message to the console.</doc>
<status status="PASS" starttime="20221010 10:14:07.568" endtime="20221010 10:14:07.569"/>
</kw>
<kw name="Log To Console" library="BuiltIn">
<arg>Rua: ${DADOS_PESSOAL.Rua}</arg>
<doc>Logs the given message to the console.</doc>
<status status="PASS" starttime="20221010 10:14:07.569" endtime="20221010 10:14:07.571"/>
</kw>
<kw name="Log To Console" library="BuiltIn">
<arg>Número: ${DADOS_PESSOAL.Número}</arg>
<doc>Logs the given message to the console.</doc>
<status status="PASS" starttime="20221010 10:14:07.571" endtime="20221010 10:14:07.572"/>
</kw>
<kw name="Log To Console" library="BuiltIn">
<arg>CEP: ${DADOS_PESSOAL.CEP}</arg>
<doc>Logs the given message to the console.</doc>
<status status="PASS" starttime="20221010 10:14:07.573" endtime="20221010 10:14:07.574"/>
</kw>
<kw name="Log To Console" library="BuiltIn">
<arg>Bairro: ${DADOS_PESSOAL.Bairro}</arg>
<doc>Logs the given message to the console.</doc>
<status status="PASS" starttime="20221010 10:14:07.574" endtime="20221010 10:14:07.575"/>
</kw>
<status status="PASS" starttime="20221010 10:14:07.565" endtime="20221010 10:14:07.576"/>
</kw>
<status status="PASS" starttime="20221010 10:14:07.565" endtime="20221010 10:14:07.576"/>
</test>
<doc>Exercício DICIONARIO</doc>
<status status="PASS" starttime="20221010 10:14:07.538" endtime="20221010 10:14:07.578"/>
</suite>
<statistics>
<total>
<stat pass="1" fail="0" skip="0">All Tests</stat>
</total>
<tag>
</tag>
<suite>
<stat pass="1" fail="0" skip="0" id="s1" name="Exercicio1">Exercicio1</stat>
</suite>
</statistics>
<errors>
</errors>
</robot>
