<?xml version="1.0" encoding="UTF-8"?>
<robot generator="Robot 5.0.1 (Python 3.10.5 on win32)" generated="20230904 10:03:22.286" rpa="false" schemaversion="3">
<suite id="s1" name="WebTesting" source="C:\Workspace\AutomatizacaoProjetoAgil\WebTesting">
<suite id="s1-s1" name="pipocaAgil testes" source="C:\Workspace\AutomatizacaoProjetoAgil\WebTesting\pipocaAgil_testes.robot">
<test id="s1-s1-t1" name="Cenário 2: Acessar o menu Trilha de Conhecimento" line="19">
<kw name="Abrir o navegador" library="pipocaAgil_resources" type="SETUP">
<kw name="Open Browser" library="SeleniumLibrary">
<arg>browser=${BROWSER}</arg>
<doc>Opens a new browser instance to the optional ``url``.</doc>
<msg timestamp="20230904 10:03:22.867" level="INFO">Opening browser 'chrome' to base url 'None'.</msg>
<status status="PASS" starttime="20230904 10:03:22.866" endtime="20230904 10:03:26.463"/>
</kw>
<kw name="Maximize Browser Window" library="SeleniumLibrary">
<doc>Maximizes current browser window.</doc>
<status status="PASS" starttime="20230904 10:03:26.463" endtime="20230904 10:03:26.986"/>
</kw>
<status status="PASS" starttime="20230904 10:03:22.866" endtime="20230904 10:03:26.986"/>
</kw>
<kw name="Acessar a home page do site pipoca agil" library="pipocaAgil_resources">
<kw name="Go To" library="SeleniumLibrary">
<arg>url=${URL}</arg>
<doc>Navigates the current browser window to the provided ``url``.</doc>
<msg timestamp="20230904 10:03:26.989" level="INFO">Opening url 'https://pa-portal.vercel.app'</msg>
<status status="PASS" starttime="20230904 10:03:26.988" endtime="20230904 10:03:28.653"/>
</kw>
<kw name="Wait Until Element Is Visible" library="SeleniumLibrary">
<arg>locator=${MENU_HOME}</arg>
<doc>Waits until the element ``locator`` is visible.</doc>
<status status="PASS" starttime="20230904 10:03:28.654" endtime="20230904 10:03:28.717"/>
</kw>
<status status="PASS" starttime="20230904 10:03:26.988" endtime="20230904 10:03:28.717"/>
</kw>
<kw name="Entrar no menu LOGIN" library="pipocaAgil_resources">
<kw name="Click Element" library="SeleniumLibrary">
<arg>locator=${MENU_LOGIN}</arg>
<doc>Click the element identified by ``locator``.</doc>
<msg timestamp="20230904 10:03:28.719" level="INFO">Clicking element '//a[contains(.,'LOGIN')]'.</msg>
<status status="PASS" starttime="20230904 10:03:28.718" endtime="20230904 10:03:28.831"/>
</kw>
<status status="PASS" starttime="20230904 10:03:28.718" endtime="20230904 10:03:28.832"/>
</kw>
<kw name="Verificar se aparece a frase &quot;Faça o Login&quot;" library="pipocaAgil_resources">
<kw name="Wait Until Element Is Visible" library="SeleniumLibrary">
<arg>locator=${HEADER_FACAOLOGIN}</arg>
<doc>Waits until the element ``locator`` is visible.</doc>
<status status="PASS" starttime="20230904 10:03:28.863" endtime="20230904 10:03:29.416"/>
</kw>
<status status="PASS" starttime="20230904 10:03:28.862" endtime="20230904 10:03:29.416"/>
</kw>
<kw name="Digitar o email do adm" library="pipocaAgil_resources">
<kw name="Input Text" library="SeleniumLibrary">
<arg>locator=${DIGITAR_EMAIL}</arg>
<arg>text=ibsoncabral@gmail.com</arg>
<doc>Types the given ``text`` into the text field identified by ``locator``.</doc>
<msg timestamp="20230904 10:03:29.419" level="INFO">Typing text 'ibsoncabral@gmail.com' into text field '//input[contains(@type,'email')]'.</msg>
<status status="PASS" starttime="20230904 10:03:29.418" endtime="20230904 10:03:29.765"/>
</kw>
<status status="PASS" starttime="20230904 10:03:29.417" endtime="20230904 10:03:29.765"/>
</kw>
<kw name="Digitar a senha do adm" library="pipocaAgil_resources">
<kw name="Input Password" library="SeleniumLibrary">
<arg>locator=${DIGITAR_PASSWORD}</arg>
<arg>password=mudar1234</arg>
<doc>Types the given password into the text field identified by ``locator``.</doc>
<msg timestamp="20230904 10:03:29.769" level="INFO">Typing password into text field '//input[contains(@type,'password')]'.</msg>
<msg timestamp="20230904 10:03:29.840" level="INFO">Temporally setting log level to: NONE</msg>
<msg timestamp="20230904 10:03:29.936" level="INFO">Log level changed from NONE to INFO.</msg>
<status status="PASS" starttime="20230904 10:03:29.768" endtime="20230904 10:03:29.936"/>
</kw>
<status status="PASS" starttime="20230904 10:03:29.768" endtime="20230904 10:03:29.936"/>
</kw>
<kw name="Clicar em entrar" library="pipocaAgil_resources">
<kw name="Click Element" library="SeleniumLibrary">
<arg>locator=${BOTAO_ENTRAR}</arg>
<doc>Click the element identified by ``locator``.</doc>
<msg timestamp="20230904 10:03:29.939" level="INFO">Clicking element '//button[contains(.,'ENTRAR')]'.</msg>
<status status="PASS" starttime="20230904 10:03:29.938" endtime="20230904 10:03:30.047"/>
</kw>
<status status="PASS" starttime="20230904 10:03:29.938" endtime="20230904 10:03:30.047"/>
</kw>
<kw name="Clicar em &quot;Consultar o painel de adm&quot;" library="pipocaAgil_resources">
<kw name="Wait Until Element Is Visible" library="SeleniumLibrary">
<arg>locator=${BOTAO_PAINEL_ADM}</arg>
<arg>timeout=15s</arg>
<doc>Waits until the element ``locator`` is visible.</doc>
<status status="PASS" starttime="20230904 10:03:30.059" endtime="20230904 10:03:32.530"/>
</kw>
<kw name="Click Element" library="SeleniumLibrary">
<arg>locator=${BOTAO_PAINEL_ADM}</arg>
<doc>Click the element identified by ``locator``.</doc>
<msg timestamp="20230904 10:03:32.531" level="INFO">Clicking element '//p[@class='text-secondary mb-3 font-semibold'][contains(.,'Consultar o painel de adm')]'.</msg>
<status status="PASS" starttime="20230904 10:03:32.530" endtime="20230904 10:03:32.595"/>
</kw>
<status status="PASS" starttime="20230904 10:03:30.058" endtime="20230904 10:03:32.596"/>
</kw>
<kw name="Clicar no botão Upload Trilha do Conhecimento" library="pipocaAgil_resources">
<kw name="Wait Until Element Is Visible" library="SeleniumLibrary">
<arg>locator=${BOTAO_TRILHADECONHECIMENTO}</arg>
<arg>timeout=10s</arg>
<doc>Waits until the element ``locator`` is visible.</doc>
<status status="PASS" starttime="20230904 10:03:32.600" endtime="20230904 10:03:33.016"/>
</kw>
<kw name="Click Image" library="SeleniumLibrary">
<arg>locator=${BOTAO_TRILHADECONHECIMENTO}</arg>
<doc>Clicks an image identified by ``locator``.</doc>
<msg timestamp="20230904 10:03:33.017" level="INFO">Clicking image '//img[contains(@alt,'IconRocket')]'.</msg>
<status status="PASS" starttime="20230904 10:03:33.016" endtime="20230904 10:03:33.111"/>
</kw>
<status status="PASS" starttime="20230904 10:03:32.600" endtime="20230904 10:03:33.111"/>
</kw>
<kw name="Verificar se o título da página fica &quot;Trilha de Conhecimento&quot;" library="pipocaAgil_resources">
<kw name="Page Should Contain Element" library="SeleniumLibrary">
<arg>locator=${TITULO_TRILHADECONHECIMENTO}</arg>
<doc>Verifies that element ``locator`` is found on the current page.</doc>
<msg timestamp="20230904 10:03:33.731" level="INFO" html="true">&lt;/td&gt;&lt;/tr&gt;&lt;tr&gt;&lt;td colspan="3"&gt;&lt;a href="selenium-screenshot-3.png"&gt;&lt;img src="selenium-screenshot-3.png" width="800px"&gt;&lt;/a&gt;</msg>
<msg timestamp="20230904 10:03:33.733" level="FAIL">Page should have contained element '//h2[@class='text-white text-4xl font-bold'][contains(.,'Trilha de Conhecimento')]' but did not.</msg>
<status status="FAIL" starttime="20230904 10:03:33.144" endtime="20230904 10:03:33.739"/>
</kw>
<status status="FAIL" starttime="20230904 10:03:33.143" endtime="20230904 10:03:33.740"/>
</kw>
<kw name="Verificar se aparecerá uma lista onde contém o Título" library="pipocaAgil_resources">
<status status="NOT RUN" starttime="20230904 10:03:33.741" endtime="20230904 10:03:33.741"/>
</kw>
<kw name="Fechar o navegador" library="pipocaAgil_resources" type="TEARDOWN">
<kw name="Capture Page Screenshot" library="SeleniumLibrary">
<doc>Takes a screenshot of the current page and embeds it into a log file.</doc>
<msg timestamp="20230904 10:03:34.040" level="INFO" html="true">&lt;/td&gt;&lt;/tr&gt;&lt;tr&gt;&lt;td colspan="3"&gt;&lt;a href="selenium-screenshot-4.png"&gt;&lt;img src="selenium-screenshot-4.png" width="800px"&gt;&lt;/a&gt;</msg>
<status status="PASS" starttime="20230904 10:03:33.744" endtime="20230904 10:03:34.040"/>
</kw>
<kw name="Close Browser" library="SeleniumLibrary">
<doc>Closes the current browser.</doc>
<status status="PASS" starttime="20230904 10:03:34.041" endtime="20230904 10:03:39.673"/>
</kw>
<status status="PASS" starttime="20230904 10:03:33.743" endtime="20230904 10:03:39.674"/>
</kw>
<status status="FAIL" starttime="20230904 10:03:22.864" endtime="20230904 10:03:39.674">Page should have contained element '//h2[@class='text-white text-4xl font-bold'][contains(.,'Trilha de Conhecimento')]' but did not.</status>
</test>
<doc>Essa suite testa o site do pipoca Agil</doc>
<status status="FAIL" starttime="20230904 10:03:22.330" endtime="20230904 10:03:39.679"/>
</suite>
<status status="FAIL" starttime="20230904 10:03:22.290" endtime="20230904 10:03:39.684"/>
</suite>
<statistics>
<total>
<stat pass="0" fail="1" skip="0">All Tests</stat>
</total>
<tag>
</tag>
<suite>
<stat pass="0" fail="1" skip="0" id="s1" name="WebTesting">WebTesting</stat>
<stat pass="0" fail="1" skip="0" id="s1-s1" name="pipocaAgil testes">WebTesting.pipocaAgil testes</stat>
</suite>
</statistics>
<errors>
</errors>
</robot>
