<?xml version="1.0" encoding="UTF-8"?>
<robot generator="Robot 5.0.1 (Python 3.10.5 on win32)" generated="20230904 22:46:27.459" rpa="false" schemaversion="3">
<suite id="s1" name="WebTesting" source="C:\Workspace\RobotFramework\Projeto\WebTesting">
<suite id="s1-s1" name="pipocaAgil testes" source="C:\Workspace\RobotFramework\Projeto\WebTesting\pipocaAgil_testes.robot">
<test id="s1-s1-t1" name="Caso de Teste 3: Verificar se o botão para fazer + Upload Links+ Upload Arquivos estão visiveis" line="32">
<kw name="Abrir o navegador" library="pipocaAgil_resources" type="SETUP">
<kw name="Open Browser" library="SeleniumLibrary">
<arg>browser=${BROWSER}</arg>
<doc>Opens a new browser instance to the optional ``url``.</doc>
<msg timestamp="20230904 22:46:28.059" level="INFO">Opening browser 'chrome' to base url 'None'.</msg>
<status status="PASS" starttime="20230904 22:46:28.059" endtime="20230904 22:46:30.840"/>
</kw>
<kw name="Maximize Browser Window" library="SeleniumLibrary">
<doc>Maximizes current browser window.</doc>
<status status="PASS" starttime="20230904 22:46:30.840" endtime="20230904 22:46:31.120"/>
</kw>
<status status="PASS" starttime="20230904 22:46:28.059" endtime="20230904 22:46:31.120"/>
</kw>
<kw name="Acessar a home page do site pipoca agil" library="pipocaAgil_resources">
<kw name="Go To" library="SeleniumLibrary">
<arg>url=${URL}</arg>
<doc>Navigates the current browser window to the provided ``url``.</doc>
<msg timestamp="20230904 22:46:31.120" level="INFO">Opening url 'https://pa-portal.vercel.app'</msg>
<status status="PASS" starttime="20230904 22:46:31.120" endtime="20230904 22:46:34.196"/>
</kw>
<kw name="Wait Until Element Is Visible" library="SeleniumLibrary">
<arg>locator=${MENU_HOME}</arg>
<doc>Waits until the element ``locator`` is visible.</doc>
<status status="PASS" starttime="20230904 22:46:34.196" endtime="20230904 22:46:34.393"/>
</kw>
<status status="PASS" starttime="20230904 22:46:31.120" endtime="20230904 22:46:34.393"/>
</kw>
<kw name="Entrar no menu LOGIN" library="pipocaAgil_resources">
<kw name="Click Element" library="SeleniumLibrary">
<arg>locator=${MENU_LOGIN}</arg>
<doc>Click the element identified by ``locator``.</doc>
<msg timestamp="20230904 22:46:34.393" level="INFO">Clicking element '//a[contains(.,'LOGIN')]'.</msg>
<status status="PASS" starttime="20230904 22:46:34.393" endtime="20230904 22:46:34.512"/>
</kw>
<status status="PASS" starttime="20230904 22:46:34.393" endtime="20230904 22:46:34.512"/>
</kw>
<kw name="Verificar se aparece a frase &quot;Faça o Login&quot;" library="pipocaAgil_resources">
<kw name="Wait Until Element Is Visible" library="SeleniumLibrary">
<arg>locator=${HEADER_FACAOLOGIN}</arg>
<doc>Waits until the element ``locator`` is visible.</doc>
<status status="PASS" starttime="20230904 22:46:34.512" endtime="20230904 22:46:34.858"/>
</kw>
<status status="PASS" starttime="20230904 22:46:34.512" endtime="20230904 22:46:34.858"/>
</kw>
<kw name="Digitar o email do adm" library="pipocaAgil_resources">
<kw name="Input Text" library="SeleniumLibrary">
<arg>locator=${DIGITAR_EMAIL}</arg>
<arg>text=ibsoncabral@gmail.com</arg>
<doc>Types the given ``text`` into the text field identified by ``locator``.</doc>
<msg timestamp="20230904 22:46:34.858" level="INFO">Typing text 'ibsoncabral@gmail.com' into text field '//input[contains(@type,'email')]'.</msg>
<status status="PASS" starttime="20230904 22:46:34.858" endtime="20230904 22:46:35.168"/>
</kw>
<status status="PASS" starttime="20230904 22:46:34.858" endtime="20230904 22:46:35.168"/>
</kw>
<kw name="Digitar a senha do adm" library="pipocaAgil_resources">
<kw name="Input Password" library="SeleniumLibrary">
<arg>locator=${DIGITAR_PASSWORD}</arg>
<arg>password=mudar1234</arg>
<doc>Types the given password into the text field identified by ``locator``.</doc>
<msg timestamp="20230904 22:46:35.178" level="INFO">Typing password into text field '//input[contains(@type,'password')]'.</msg>
<msg timestamp="20230904 22:46:35.228" level="INFO">Temporally setting log level to: NONE</msg>
<msg timestamp="20230904 22:46:35.364" level="INFO">Log level changed from NONE to INFO.</msg>
<status status="PASS" starttime="20230904 22:46:35.168" endtime="20230904 22:46:35.364"/>
</kw>
<status status="PASS" starttime="20230904 22:46:35.168" endtime="20230904 22:46:35.364"/>
</kw>
<kw name="Clicar em entrar" library="pipocaAgil_resources">
<kw name="Click Element" library="SeleniumLibrary">
<arg>locator=${BOTAO_ENTRAR}</arg>
<doc>Click the element identified by ``locator``.</doc>
<msg timestamp="20230904 22:46:35.372" level="INFO">Clicking element '//button[contains(.,'ENTRAR')]'.</msg>
<status status="PASS" starttime="20230904 22:46:35.372" endtime="20230904 22:46:35.456"/>
</kw>
<status status="PASS" starttime="20230904 22:46:35.372" endtime="20230904 22:46:35.456"/>
</kw>
<kw name="Clicar em &quot;Consultar o painel de adm&quot;" library="pipocaAgil_resources">
<kw name="Wait Until Element Is Visible" library="SeleniumLibrary">
<arg>locator=${BOTAO_PAINEL_ADM}</arg>
<arg>timeout=15s</arg>
<doc>Waits until the element ``locator`` is visible.</doc>
<status status="PASS" starttime="20230904 22:46:35.456" endtime="20230904 22:46:42.777"/>
</kw>
<kw name="Click Element" library="SeleniumLibrary">
<arg>locator=${BOTAO_PAINEL_ADM}</arg>
<doc>Click the element identified by ``locator``.</doc>
<msg timestamp="20230904 22:46:42.777" level="INFO">Clicking element '//p[@class='text-secondary mb-3 font-semibold'][contains(.,'Consultar o painel de adm')]'.</msg>
<status status="PASS" starttime="20230904 22:46:42.777" endtime="20230904 22:46:42.822"/>
</kw>
<status status="PASS" starttime="20230904 22:46:35.456" endtime="20230904 22:46:42.822"/>
</kw>
<kw name="Clicar no botão Upload Trilha do Conhecimento" library="pipocaAgil_resources">
<kw name="Wait Until Element Is Visible" library="SeleniumLibrary">
<arg>locator=${BOTAO_TRILHADECONHECIMENTO}</arg>
<arg>timeout=10s</arg>
<doc>Waits until the element ``locator`` is visible.</doc>
<status status="PASS" starttime="20230904 22:46:42.822" endtime="20230904 22:46:43.100"/>
</kw>
<kw name="Click Image" library="SeleniumLibrary">
<arg>locator=${BOTAO_TRILHADECONHECIMENTO}</arg>
<doc>Clicks an image identified by ``locator``.</doc>
<msg timestamp="20230904 22:46:43.100" level="INFO">Clicking image '//img[contains(@alt,'IconRocket')]'.</msg>
<status status="PASS" starttime="20230904 22:46:43.100" endtime="20230904 22:46:43.211"/>
</kw>
<status status="PASS" starttime="20230904 22:46:42.822" endtime="20230904 22:46:43.211"/>
</kw>
<kw name="Verificar se os botões &quot;+ Upload Links+ Upload Arquivos&quot; estão visiveis" library="pipocaAgil_resources">
<kw name="Wait Until Element Is Visible" library="SeleniumLibrary">
<arg>locator=//div[contains(@class,'flex items-center')]</arg>
<doc>Waits until the element ``locator`` is visible.</doc>
<status status="PASS" starttime="20230904 22:46:43.211" endtime="20230904 22:46:43.251"/>
</kw>
<kw name="Wait Until Element Is Visible" library="SeleniumLibrary">
<arg>locator=//div[@class='flex justify-center w-full'][contains(.,'Adicionado em')]</arg>
<doc>Waits until the element ``locator`` is visible.</doc>
<status status="PASS" starttime="20230904 22:46:43.251" endtime="20230904 22:46:46.251"/>
</kw>
<kw name="Element Should Be Visible" library="SeleniumLibrary">
<arg>locator=//div[contains(@class,'flex items-center')]</arg>
<doc>Verifies that the element identified by ``locator`` is visible.</doc>
<msg timestamp="20230904 22:46:46.271" level="INFO">Element '//div[contains(@class,'flex items-center')]' is displayed.</msg>
<status status="PASS" starttime="20230904 22:46:46.251" endtime="20230904 22:46:46.271"/>
</kw>
<status status="PASS" starttime="20230904 22:46:43.211" endtime="20230904 22:46:46.271"/>
</kw>
<kw name="Fechar o navegador" library="pipocaAgil_resources" type="TEARDOWN">
<kw name="Capture Page Screenshot" library="SeleniumLibrary">
<doc>Takes a screenshot of the current page and embeds it into a log file.</doc>
<msg timestamp="20230904 22:46:46.486" level="INFO" html="true">&lt;/td&gt;&lt;/tr&gt;&lt;tr&gt;&lt;td colspan="3"&gt;&lt;a href="selenium-screenshot-67.png"&gt;&lt;img src="selenium-screenshot-67.png" width="800px"&gt;&lt;/a&gt;</msg>
<status status="PASS" starttime="20230904 22:46:46.281" endtime="20230904 22:46:46.486"/>
</kw>
<kw name="Close Browser" library="SeleniumLibrary">
<doc>Closes the current browser.</doc>
<status status="PASS" starttime="20230904 22:46:46.486" endtime="20230904 22:46:49.423"/>
</kw>
<status status="PASS" starttime="20230904 22:46:46.281" endtime="20230904 22:46:49.423"/>
</kw>
<status status="PASS" starttime="20230904 22:46:28.059" endtime="20230904 22:46:49.423"/>
</test>
<doc>Essa suite testa o site do pipoca Agil</doc>
<status status="PASS" starttime="20230904 22:46:27.532" endtime="20230904 22:46:49.423"/>
</suite>
<status status="PASS" starttime="20230904 22:46:27.459" endtime="20230904 22:46:49.423"/>
</suite>
<statistics>
<total>
<stat pass="1" fail="0" skip="0">All Tests</stat>
</total>
<tag>
</tag>
<suite>
<stat pass="1" fail="0" skip="0" id="s1" name="WebTesting">WebTesting</stat>
<stat pass="1" fail="0" skip="0" id="s1-s1" name="pipocaAgil testes">WebTesting.pipocaAgil testes</stat>
</suite>
</statistics>
<errors>
</errors>
</robot>
