<?xml version="1.0" encoding="UTF-8"?>
<robot generator="Robot 5.0.1 (Python 3.10.5 on win32)" generated="20230904 10:42:25.059" rpa="false" schemaversion="3">
<suite id="s1" name="WebTesting" source="C:\Workspace\AutomatizacaoProjetoAgil\WebTesting">
<suite id="s1-s1" name="pipocaAgil testes" source="C:\Workspace\AutomatizacaoProjetoAgil\WebTesting\pipocaAgil_testes.robot">
<test id="s1-s1-t1" name="Caso de Teste 5: Adicionar link na Trilha de Conhecimento" line="54">
<kw name="Abrir o navegador" library="pipocaAgil_resources" type="SETUP">
<kw name="Open Browser" library="SeleniumLibrary">
<arg>browser=${BROWSER}</arg>
<doc>Opens a new browser instance to the optional ``url``.</doc>
<msg timestamp="20230904 10:42:25.707" level="INFO">Opening browser 'chrome' to base url 'None'.</msg>
<status status="PASS" starttime="20230904 10:42:25.705" endtime="20230904 10:42:28.200"/>
</kw>
<kw name="Maximize Browser Window" library="SeleniumLibrary">
<doc>Maximizes current browser window.</doc>
<status status="PASS" starttime="20230904 10:42:28.200" endtime="20230904 10:42:28.474"/>
</kw>
<status status="PASS" starttime="20230904 10:42:25.704" endtime="20230904 10:42:28.474"/>
</kw>
<kw name="Acessar a home page do site pipoca agil" library="pipocaAgil_resources">
<kw name="Go To" library="SeleniumLibrary">
<arg>url=${URL}</arg>
<doc>Navigates the current browser window to the provided ``url``.</doc>
<msg timestamp="20230904 10:42:28.476" level="INFO">Opening url 'https://pa-portal.vercel.app'</msg>
<status status="PASS" starttime="20230904 10:42:28.475" endtime="20230904 10:42:30.538"/>
</kw>
<kw name="Wait Until Element Is Visible" library="SeleniumLibrary">
<arg>locator=${MENU_HOME}</arg>
<doc>Waits until the element ``locator`` is visible.</doc>
<status status="PASS" starttime="20230904 10:42:30.538" endtime="20230904 10:42:30.584"/>
</kw>
<status status="PASS" starttime="20230904 10:42:28.475" endtime="20230904 10:42:30.585"/>
</kw>
<kw name="Entrar no menu LOGIN" library="pipocaAgil_resources">
<kw name="Click Element" library="SeleniumLibrary">
<arg>locator=${MENU_LOGIN}</arg>
<doc>Click the element identified by ``locator``.</doc>
<msg timestamp="20230904 10:42:30.587" level="INFO">Clicking element '//a[contains(.,'LOGIN')]'.</msg>
<status status="PASS" starttime="20230904 10:42:30.586" endtime="20230904 10:42:30.690"/>
</kw>
<status status="PASS" starttime="20230904 10:42:30.585" endtime="20230904 10:42:30.690"/>
</kw>
<kw name="Verificar se aparece a frase &quot;Faça o Login&quot;" library="pipocaAgil_resources">
<kw name="Wait Until Element Is Visible" library="SeleniumLibrary">
<arg>locator=${HEADER_FACAOLOGIN}</arg>
<doc>Waits until the element ``locator`` is visible.</doc>
<status status="PASS" starttime="20230904 10:42:30.719" endtime="20230904 10:42:31.065"/>
</kw>
<status status="PASS" starttime="20230904 10:42:30.719" endtime="20230904 10:42:31.065"/>
</kw>
<kw name="Digitar o email do adm" library="pipocaAgil_resources">
<kw name="Input Text" library="SeleniumLibrary">
<arg>locator=${DIGITAR_EMAIL}</arg>
<arg>text=ibsoncabral@gmail.com</arg>
<doc>Types the given ``text`` into the text field identified by ``locator``.</doc>
<msg timestamp="20230904 10:42:31.070" level="INFO">Typing text 'ibsoncabral@gmail.com' into text field '//input[contains(@type,'email')]'.</msg>
<status status="PASS" starttime="20230904 10:42:31.069" endtime="20230904 10:42:31.521"/>
</kw>
<status status="PASS" starttime="20230904 10:42:31.069" endtime="20230904 10:42:31.521"/>
</kw>
<kw name="Digitar a senha do adm" library="pipocaAgil_resources">
<kw name="Input Password" library="SeleniumLibrary">
<arg>locator=${DIGITAR_PASSWORD}</arg>
<arg>password=mudar1234</arg>
<doc>Types the given password into the text field identified by ``locator``.</doc>
<msg timestamp="20230904 10:42:31.526" level="INFO">Typing password into text field '//input[contains(@type,'password')]'.</msg>
<msg timestamp="20230904 10:42:31.617" level="INFO">Temporally setting log level to: NONE</msg>
<msg timestamp="20230904 10:42:31.728" level="INFO">Log level changed from NONE to INFO.</msg>
<status status="PASS" starttime="20230904 10:42:31.526" endtime="20230904 10:42:31.728"/>
</kw>
<status status="PASS" starttime="20230904 10:42:31.525" endtime="20230904 10:42:31.729"/>
</kw>
<kw name="Clicar em entrar" library="pipocaAgil_resources">
<kw name="Click Element" library="SeleniumLibrary">
<arg>locator=${BOTAO_ENTRAR}</arg>
<doc>Click the element identified by ``locator``.</doc>
<msg timestamp="20230904 10:42:31.732" level="INFO">Clicking element '//button[contains(.,'ENTRAR')]'.</msg>
<status status="PASS" starttime="20230904 10:42:31.732" endtime="20230904 10:42:31.821"/>
</kw>
<status status="PASS" starttime="20230904 10:42:31.731" endtime="20230904 10:42:31.821"/>
</kw>
<kw name="Clicar em &quot;Consultar o painel de adm&quot;" library="pipocaAgil_resources">
<kw name="Wait Until Element Is Visible" library="SeleniumLibrary">
<arg>locator=${BOTAO_PAINEL_ADM}</arg>
<arg>timeout=15s</arg>
<doc>Waits until the element ``locator`` is visible.</doc>
<status status="PASS" starttime="20230904 10:42:31.834" endtime="20230904 10:42:34.345"/>
</kw>
<kw name="Click Element" library="SeleniumLibrary">
<arg>locator=${BOTAO_PAINEL_ADM}</arg>
<doc>Click the element identified by ``locator``.</doc>
<msg timestamp="20230904 10:42:34.346" level="INFO">Clicking element '//p[@class='text-secondary mb-3 font-semibold'][contains(.,'Consultar o painel de adm')]'.</msg>
<status status="PASS" starttime="20230904 10:42:34.345" endtime="20230904 10:42:34.407"/>
</kw>
<status status="PASS" starttime="20230904 10:42:31.834" endtime="20230904 10:42:34.407"/>
</kw>
<kw name="Clicar no botão Upload Trilha do Conhecimento" library="pipocaAgil_resources">
<kw name="Wait Until Element Is Visible" library="SeleniumLibrary">
<arg>locator=${BOTAO_TRILHADECONHECIMENTO}</arg>
<arg>timeout=10s</arg>
<doc>Waits until the element ``locator`` is visible.</doc>
<status status="PASS" starttime="20230904 10:42:34.409" endtime="20230904 10:42:34.736"/>
</kw>
<kw name="Click Image" library="SeleniumLibrary">
<arg>locator=${BOTAO_TRILHADECONHECIMENTO}</arg>
<doc>Clicks an image identified by ``locator``.</doc>
<msg timestamp="20230904 10:42:34.737" level="INFO">Clicking image '//img[contains(@alt,'IconRocket')]'.</msg>
<status status="PASS" starttime="20230904 10:42:34.736" endtime="20230904 10:42:34.816"/>
</kw>
<status status="PASS" starttime="20230904 10:42:34.408" endtime="20230904 10:42:34.816"/>
</kw>
<kw name="Clicar no botão + Upload Links" library="pipocaAgil_resources">
<kw name="Wait Until Element Is Visible" library="SeleniumLibrary">
<arg>locator=//a[contains(.,'+ Upload Links')]</arg>
<doc>Waits until the element ``locator`` is visible.</doc>
<status status="PASS" starttime="20230904 10:42:34.819" endtime="20230904 10:42:35.110"/>
</kw>
<kw name="Click Button" library="SeleniumLibrary">
<arg>locator=//a[contains(.,'+ Upload Links')]</arg>
<doc>Clicks the button identified by ``locator``.</doc>
<msg timestamp="20230904 10:42:35.110" level="INFO">Clicking button '//a[contains(.,'+ Upload Links')]'.</msg>
<msg timestamp="20230904 10:42:35.444" level="INFO" html="true">&lt;/td&gt;&lt;/tr&gt;&lt;tr&gt;&lt;td colspan="3"&gt;&lt;a href="selenium-screenshot-65.png"&gt;&lt;img src="selenium-screenshot-65.png" width="800px"&gt;&lt;/a&gt;</msg>
<msg timestamp="20230904 10:42:35.445" level="FAIL">Button with locator '//a[contains(.,'+ Upload Links')]' not found.</msg>
<status status="FAIL" starttime="20230904 10:42:35.110" endtime="20230904 10:42:35.450"/>
</kw>
<kw name="Input Text" library="SeleniumLibrary">
<arg>id="titulo"</arg>
<arg>text=Scrum</arg>
<doc>Types the given ``text`` into the text field identified by ``locator``.</doc>
<status status="NOT RUN" starttime="20230904 10:42:35.450" endtime="20230904 10:42:35.451"/>
</kw>
<status status="FAIL" starttime="20230904 10:42:34.818" endtime="20230904 10:42:35.452"/>
</kw>
<kw name="Fechar o navegador" library="pipocaAgil_resources" type="TEARDOWN">
<kw name="Capture Page Screenshot" library="SeleniumLibrary">
<doc>Takes a screenshot of the current page and embeds it into a log file.</doc>
<msg timestamp="20230904 10:42:35.707" level="INFO" html="true">&lt;/td&gt;&lt;/tr&gt;&lt;tr&gt;&lt;td colspan="3"&gt;&lt;a href="selenium-screenshot-66.png"&gt;&lt;img src="selenium-screenshot-66.png" width="800px"&gt;&lt;/a&gt;</msg>
<status status="PASS" starttime="20230904 10:42:35.454" endtime="20230904 10:42:35.707"/>
</kw>
<kw name="Close Browser" library="SeleniumLibrary">
<doc>Closes the current browser.</doc>
<status status="PASS" starttime="20230904 10:42:35.707" endtime="20230904 10:42:43.015"/>
</kw>
<status status="PASS" starttime="20230904 10:42:35.453" endtime="20230904 10:42:43.016"/>
</kw>
<status status="FAIL" starttime="20230904 10:42:25.703" endtime="20230904 10:42:43.017">Button with locator '//a[contains(.,'+ Upload Links')]' not found.</status>
</test>
<doc>Essa suite testa o site do pipoca Agil</doc>
<status status="FAIL" starttime="20230904 10:42:25.190" endtime="20230904 10:42:43.022"/>
</suite>
<status status="FAIL" starttime="20230904 10:42:25.067" endtime="20230904 10:42:43.035"/>
</suite>
<statistics>
<total>
<stat pass="0" fail="1" skip="0">All Tests</stat>
</total>
<tag>
</tag>
<suite>
<stat pass="0" fail="1" skip="0" id="s1" name="WebTesting">WebTesting</stat>
<stat pass="0" fail="1" skip="0" id="s1-s1" name="pipocaAgil testes">WebTesting.pipocaAgil testes</stat>
</suite>
</statistics>
<errors>
</errors>
</robot>
